\BOOKMARK [-1][-]{part.1}{\376\377\173\054\116\000\220\350\122\006\000\040\145\160\133\146\377\032\210\150\217\276\177\216\124\214\122\033\220\040\177\216}{}% 1
\BOOKMARK [0][-]{chapter.1}{\376\377\145\160\133\146\377\032\210\150\217\276\177\216\124\214\122\033\220\040\177\216}{part.1}% 2
\BOOKMARK [1][-]{section.1.1}{\376\377\116\007\162\151\166\206\145\160\000?}{chapter.1}% 3
\BOOKMARK [1][-]{section.1.2}{\376\377\145\160\166\204\217\333\117\115\122\066}{chapter.1}% 4
\BOOKMARK [1][-]{section*.3}{\376\377\116\140\230\230}{chapter.1}% 5
\BOOKMARK [1][-]{section.1.3}{\376\377\120\117\162\061\147\011\164\006\145\160}{chapter.1}% 6
\BOOKMARK [1][-]{section.1.4}{\376\377\134\072\133\370}{chapter.1}% 7
\BOOKMARK [1][-]{section*.4}{\376\377\116\140\230\230}{chapter.1}% 8
\BOOKMARK [1][-]{section.1.5}{\376\377\154\111\133\127\166\204\145\160\133\127\123\026}{chapter.1}% 9
\BOOKMARK [1][-]{section.1.6}{\376\377\230\234\202\162}{chapter.1}% 10
\BOOKMARK [1][-]{section.1.7}{\376\377\177\216\171\273\116\015\137\000\126\376}{chapter.1}% 11
\BOOKMARK [-1][-]{part.2}{\376\377\173\054\116\214\220\350\122\006\000\040\000P\000y\000t\000h\000o\000n\000\040\177\026\172\013}{}% 12
\BOOKMARK [0][-]{chapter.2}{\376\377\000P\000y\000t\000h\000o\000n\000\040\121\145\225\350}{part.2}% 13
\BOOKMARK [1][-]{section.2.1}{\376\377\121\163\116\216\000\040\000P\000y\000t\000h\000o\000n}{chapter.2}% 14
\BOOKMARK [1][-]{section.2.2}{\376\377\133\211\210\305\000\040\000P\000y\000t\000h\000o\000n\000\040\137\000\123\321\163\257\130\203\217\157\116\366\226\306\000\040\000A\000n\000a\000c\000o\000n\000d\000a}{chapter.2}% 15
\BOOKMARK [1][-]{section.2.3}{\376\377\122\035\213\306\000\040\000S\000p\000y\000d\000e\000r}{chapter.2}% 16
\BOOKMARK [1][-]{section.2.4}{\376\377\122\035\213\306\000\040\000J\000u\000p\000y\000t\000e\000r}{chapter.2}% 17
\BOOKMARK [1][-]{section.2.5}{\376\377\136\070\165\050\217\333\117\115\122\066}{chapter.2}% 18
\BOOKMARK [1][-]{section*.16}{\376\377\116\140\230\230}{chapter.2}% 19
\BOOKMARK [0][-]{chapter.3}{\376\377\000P\000y\000t\000h\000o\000n\000\040\136\224\165\050}{part.2}% 20
\BOOKMARK [1][-]{section.2.1}{\376\377\000J\000i\000e\000b\000a}{chapter.3}% 21
\BOOKMARK [-1][-]{part.3}{\376\377\173\054\116\011\220\350\122\006\000\040\000P\000o\000s\000t\000S\000c\000r\000i\000p\000t\000\040\177\026\172\013\117\134\126\376}{}% 22
\BOOKMARK [0][-]{section.3.1}{\376\377\000S\000o\000m\000e\000\040\000g\000r\000a\000p\000h\000s}{part.3}% 23
\BOOKMARK [1][-]{section.3.2}{\376\377\000A\000\040\000L\000i\000s\000t}{section.3.1}% 24
\BOOKMARK [-1][-]{part.4}{\376\377\173\054\126\333\220\350\122\006\000\040\000P\000y\000t\000h\000o\000n\000\040\117\134\126\376}{}% 25
\BOOKMARK [0][-]{section*.21}{\376\377\124\015\213\315\175\042\137\025}{part.4}% 26
